<?xml version="1.0" encoding="UTF-8"?>
<!-- Generated by org.testng.reporters.JUnitReportReporter -->
<testsuite hostname="Administrator" failures="0" tests="2" name="org.runner.NB_Execution" time="33.680" errors="0" timestamp="2023-08-14T15:52:26 IST" skipped="0">
  <testcase classname="org.runner.NB_Execution" name="nbExecution" time="17.322"/>
  <system-out/>
  <testcase classname="org.runner.NB_Execution" name="nbExecution" time="16.358"/>
  <system-out/>
</testsuite> <!-- org.runner.NB_Execution -->
