<?xml version="1.0" encoding="UTF-8"?>
<!-- Generated by org.testng.reporters.JUnitReportReporter -->
<testsuite hostname="Administrator" failures="0" tests="4" name="org.runner.Execution" time="142.111" errors="0" timestamp="2023-08-14T17:19:51 IST" skipped="0">
  <testcase classname="org.runner.Execution" name="upiExecution" time="43.677"/>
  <system-out/>
  <testcase classname="org.runner.Execution" name="dcExecution" time="65.498"/>
  <system-out/>
  <testcase classname="org.runner.Execution" name="nbExecution" time="16.085"/>
  <system-out/>
  <testcase classname="org.runner.Execution" name="nbExecution" time="16.851"/>
  <system-out/>
</testsuite> <!-- org.runner.Execution -->
